[debug] [2024-01-26T12:28:11.277Z] ----------------------------------------------------------------------
[debug] [2024-01-26T12:28:11.279Z] Command:       C:\Program Files\nodejs\node.exe C:\Users\zuwei\AppData\Roaming\npm\node_modules\firebase-tools\lib\bin\firebase.js deploy
[debug] [2024-01-26T12:28:11.279Z] CLI Version:   13.1.0
[debug] [2024-01-26T12:28:11.279Z] Platform:      win32
[debug] [2024-01-26T12:28:11.279Z] Node Version:  v20.11.0
[debug] [2024-01-26T12:28:11.279Z] Time:          Fri Jan 26 2024 20:28:11 GMT+0800 (Singapore Standard Time)
[debug] [2024-01-26T12:28:11.279Z] ----------------------------------------------------------------------
[debug] 
[debug] [2024-01-26T12:28:11.320Z] > command requires scopes: ["email","openid","https://www.googleapis.com/auth/cloudplatformprojects.readonly","https://www.googleapis.com/auth/firebase","https://www.googleapis.com/auth/cloud-platform"]
[debug] [2024-01-26T12:28:11.321Z] > authorizing via signed-in user (laserklet@gmail.com)
[debug] [2024-01-26T12:28:11.321Z] [iam] checking project temple-de382 for permissions ["datastore.indexes.create","datastore.indexes.delete","datastore.indexes.list","datastore.indexes.update","firebase.projects.get","firebasehosting.sites.update"]
[debug] [2024-01-26T12:28:11.324Z] >>> [apiv2][query] POST https://cloudresourcemanager.googleapis.com/v1/projects/temple-de382:testIamPermissions [none]
[debug] [2024-01-26T12:28:11.324Z] >>> [apiv2][(partial)header] POST https://cloudresourcemanager.googleapis.com/v1/projects/temple-de382:testIamPermissions x-goog-quota-user=projects/temple-de382
[debug] [2024-01-26T12:28:11.324Z] >>> [apiv2][body] POST https://cloudresourcemanager.googleapis.com/v1/projects/temple-de382:testIamPermissions {"permissions":["datastore.indexes.create","datastore.indexes.delete","datastore.indexes.list","datastore.indexes.update","firebase.projects.get","firebasehosting.sites.update"]}
[debug] [2024-01-26T12:28:12.340Z] <<< [apiv2][status] POST https://cloudresourcemanager.googleapis.com/v1/projects/temple-de382:testIamPermissions 200
[debug] [2024-01-26T12:28:12.341Z] <<< [apiv2][body] POST https://cloudresourcemanager.googleapis.com/v1/projects/temple-de382:testIamPermissions {"permissions":["datastore.indexes.create","datastore.indexes.delete","datastore.indexes.list","datastore.indexes.update","firebase.projects.get","firebasehosting.sites.update"]}
[debug] [2024-01-26T12:28:12.341Z] >>> [apiv2][query] GET https://firebase.googleapis.com/v1beta1/projects/temple-de382 [none]
[debug] [2024-01-26T12:28:12.638Z] <<< [apiv2][status] GET https://firebase.googleapis.com/v1beta1/projects/temple-de382 200
[debug] [2024-01-26T12:28:12.638Z] <<< [apiv2][body] GET https://firebase.googleapis.com/v1beta1/projects/temple-de382 {"projectId":"temple-de382","projectNumber":"313888915245","displayName":"Temple","name":"projects/temple-de382","resources":{"hostingSite":"temple-de382","realtimeDatabaseInstance":"temple-de382-default-rtdb","storageBucket":"temple-de382.appspot.com","locationId":"asia-southeast1"},"state":"ACTIVE","etag":"1_e60d9946-b726-4931-9bee-01a5f317f987"}
[debug] [2024-01-26T12:28:15.076Z] defaultcredentials: writing to file C:\Users\zuwei\AppData\Roaming\firebase\laserklet_gmail_com_application_default_credentials.json
[debug] [2024-01-26T12:28:15.077Z] >>> [apiv2][query] GET https://firebasehosting.googleapis.com/v1beta1/projects/temple-de382/sites pageToken=&pageSize=10
[debug] [2024-01-26T12:28:15.774Z] <<< [apiv2][status] GET https://firebasehosting.googleapis.com/v1beta1/projects/temple-de382/sites 200
[debug] [2024-01-26T12:28:15.774Z] <<< [apiv2][body] GET https://firebasehosting.googleapis.com/v1beta1/projects/temple-de382/sites {"sites":[{"name":"projects/temple-de382/sites/temple-de382","defaultUrl":"https://temple-de382.web.app","appId":"1:313888915245:web:606db8939c594665eddda4","type":"DEFAULT_SITE"}]}
[debug] [2024-01-26T12:28:15.774Z] >>> [apiv2][query] GET https://firebase.googleapis.com/v1beta1/projects/-/webApps/1:313888915245:web:606db8939c594665eddda4/config [none]
[debug] [2024-01-26T12:28:16.525Z] <<< [apiv2][status] GET https://firebase.googleapis.com/v1beta1/projects/-/webApps/1:313888915245:web:606db8939c594665eddda4/config 200
[debug] [2024-01-26T12:28:16.525Z] <<< [apiv2][body] GET https://firebase.googleapis.com/v1beta1/projects/-/webApps/1:313888915245:web:606db8939c594665eddda4/config {"projectId":"temple-de382","appId":"1:313888915245:web:606db8939c594665eddda4","databaseURL":"https://temple-de382-default-rtdb.asia-southeast1.firebasedatabase.app","storageBucket":"temple-de382.appspot.com","locationId":"asia-southeast1","apiKey":"AIzaSyCcYMvnWjEW1kZqWvaXnpMEU1avrHLDgx0","authDomain":"temple-de382.firebaseapp.com","messagingSenderId":"313888915245","measurementId":"G-ZZRWHYCQY2"}
[info] 
   Thank you for trying our early preview of Next.js support on Firebase Hosting.
   During the preview, support is best-effort and breaking changes can be expected. Proceed with caution.

   Documentation: https://firebase.google.com/docs/hosting/frameworks/nextjs
   File a bug: https://github.com/firebase/firebase-tools/issues/new?template=bug_report.md
   Submit a feature request: https://github.com/firebase/firebase-tools/issues/new?template=feature_request.md

   We'd love to learn from you. Express your interest in helping us shape the future of Firebase Hosting: https://goo.gle/41enW5X

[debug] [2024-01-26T12:28:21.465Z] >>> [apiv2][query] GET https://firebasehosting.googleapis.com/v1beta1/projects/temple-de382/sites/temple-de382 [none]
[debug] [2024-01-26T12:28:21.807Z] <<< [apiv2][status] GET https://firebasehosting.googleapis.com/v1beta1/projects/temple-de382/sites/temple-de382 200
[debug] [2024-01-26T12:28:21.808Z] <<< [apiv2][body] GET https://firebasehosting.googleapis.com/v1beta1/projects/temple-de382/sites/temple-de382 {"name":"projects/temple-de382/sites/temple-de382","defaultUrl":"https://temple-de382.web.app","appId":"1:313888915245:web:606db8939c594665eddda4","type":"DEFAULT_SITE"}
[info]    ▲ Next.js 14.0.2

[info]    - Environments: .env

   Creating an optimized production build ...

[info]  ✓ Compiled successfully

[info]    Linting and checking validity of types ...

[info] Failed to compile.


[info] ./components/Tablet.tsx:15:25
Type error: Cannot find module '@/app/context/AuthProvider' or its corresponding type declarations.

  13 | import { set } from "lodash";
  14 | import { useToast } from "@/components/ui/use-toast";
> 15 | import { useAuth } from "@/app/context/AuthProvider";
     |                         ^
  16 | import CheckEditPermission from "@/components/CheckEditPermission";
  17 |
  18 | function Tablet(props: Tablet) {

[debug] [2024-01-26T12:28:44.375Z] Error: ENOENT: no such file or directory, open 'C:\Users\zuwei\Desktop\crm_project_guest\.next\export-marker.json'
[error] 
[error] Error: An unexpected error has occurred.
